<?xml version="1.0" encoding="UTF-8"?>
<!-- Generated by org.testng.reporters.JUnitReportReporter -->
<testsuite skipped="0" hostname="DESKTOP-4SC5RBR" name="mixedapplication.Dummy" tests="1" failures="0" timestamp="13 Jun 2018 19:51:29 GMT" time="0.013" errors="0">
  <testcase name="check" time="0.013" classname="mixedapplication.Dummy"/>
</testsuite> <!-- mixedapplication.Dummy -->
